  [1m[35m (9374.5ms)[0m  [1m[35mCREATE DATABASE "tunr_app_api_development" ENCODING = 'unicode'[0m
  [1m[35m (329.3ms)[0m  [1m[35mCREATE DATABASE "tunr_app_api_test" ENCODING = 'unicode'[0m
  [1m[35m (1186.2ms)[0m  [1m[35mCREATE TABLE "schema_migrations" ("version" character varying NOT NULL PRIMARY KEY)[0m
  [1m[35m (74.8ms)[0m  [1m[35mCREATE TABLE "ar_internal_metadata" ("key" character varying NOT NULL PRIMARY KEY, "value" character varying, "created_at" timestamp(6) NOT NULL, "updated_at" timestamp(6) NOT NULL)[0m
  [1m[35m (0.5ms)[0m  [1m[34mSELECT pg_try_advisory_lock(1874975070089793210)[0m
  [1m[35m (1.2ms)[0m  [1m[34mSELECT "schema_migrations"."version" FROM "schema_migrations" ORDER BY "schema_migrations"."version" ASC[0m
Migrating to CreateSongs (20201116160818)
  [1m[35m (1.4ms)[0m  [1m[35mBEGIN[0m
  [1m[35m (153.6ms)[0m  [1m[35mCREATE TABLE "songs" ("id" bigserial primary key, "title" character varying, "artist" character varying, "time" character varying, "favorite" boolean, "created_at" timestamp(6) NOT NULL, "updated_at" timestamp(6) NOT NULL)[0m
  [1m[36mprimary::SchemaMigration Create (29.8ms)[0m  [1m[32mINSERT INTO "schema_migrations" ("version") VALUES ($1) RETURNING "version"[0m  [["version", "20201116160818"]]
  [1m[35m (0.6ms)[0m  [1m[35mCOMMIT[0m
  [1m[36mActiveRecord::InternalMetadata Load (8.4ms)[0m  [1m[34mSELECT "ar_internal_metadata".* FROM "ar_internal_metadata" WHERE "ar_internal_metadata"."key" = $1 LIMIT $2[0m  [["key", "environment"], ["LIMIT", 1]]
  [1m[35m (0.2ms)[0m  [1m[35mBEGIN[0m
  [1m[36mActiveRecord::InternalMetadata Create (150.8ms)[0m  [1m[32mINSERT INTO "ar_internal_metadata" ("key", "value", "created_at", "updated_at") VALUES ($1, $2, $3, $4) RETURNING "key"[0m  [["key", "environment"], ["value", "development"], ["created_at", "2020-11-16 16:09:26.851372"], ["updated_at", "2020-11-16 16:09:26.851372"]]
  [1m[35m (0.6ms)[0m  [1m[35mCOMMIT[0m
  [1m[35m (0.6ms)[0m  [1m[34mSELECT pg_advisory_unlock(1874975070089793210)[0m
  [1m[35m (1.5ms)[0m  [1m[34mSELECT "schema_migrations"."version" FROM "schema_migrations" ORDER BY "schema_migrations"."version" ASC[0m
  [1m[35m (1.5ms)[0m  [1m[34mSELECT "schema_migrations"."version" FROM "schema_migrations" ORDER BY "schema_migrations"."version" ASC[0m
  [1m[35m (0.2ms)[0m  [1m[35mBEGIN[0m
  [1m[36mSong Create (133.8ms)[0m  [1m[32mINSERT INTO "songs" ("title", "artist", "time", "favorite", "created_at", "updated_at") VALUES ($1, $2, $3, $4, $5, $6) RETURNING "id"[0m  [["title", "test"], ["artist", "test"], ["time", "1:10"], ["favorite", false], ["created_at", "2020-11-16 16:12:50.134714"], ["updated_at", "2020-11-16 16:12:50.134714"]]
  [1m[35m (125.3ms)[0m  [1m[35mCOMMIT[0m
  [1m[35m (0.2ms)[0m  [1m[35mBEGIN[0m
  [1m[36mSong Create (0.5ms)[0m  [1m[32mINSERT INTO "songs" ("title", "artist", "time", "favorite", "created_at", "updated_at") VALUES ($1, $2, $3, $4, $5, $6) RETURNING "id"[0m  [["title", "test1"], ["artist", "test1"], ["time", "1:11"], ["favorite", false], ["created_at", "2020-11-16 16:12:50.413907"], ["updated_at", "2020-11-16 16:12:50.413907"]]
  [1m[35m (1.1ms)[0m  [1m[35mCOMMIT[0m
  [1m[35m (0.2ms)[0m  [1m[35mBEGIN[0m
  [1m[36mSong Create (0.5ms)[0m  [1m[32mINSERT INTO "songs" ("title", "artist", "time", "favorite", "created_at", "updated_at") VALUES ($1, $2, $3, $4, $5, $6) RETURNING "id"[0m  [["title", "test2"], ["artist", "test2"], ["time", "1:12"], ["favorite", false], ["created_at", "2020-11-16 16:12:50.420377"], ["updated_at", "2020-11-16 16:12:50.420377"]]
  [1m[35m (7.3ms)[0m  [1m[35mCOMMIT[0m
  [1m[35m (0.2ms)[0m  [1m[35mBEGIN[0m
  [1m[36mSong Create (0.5ms)[0m  [1m[32mINSERT INTO "songs" ("title", "artist", "time", "favorite", "created_at", "updated_at") VALUES ($1, $2, $3, $4, $5, $6) RETURNING "id"[0m  [["title", "test3"], ["artist", "test3"], ["time", "1:13"], ["favorite", false], ["created_at", "2020-11-16 16:12:50.433323"], ["updated_at", "2020-11-16 16:12:50.433323"]]
  [1m[35m (1.8ms)[0m  [1m[35mCOMMIT[0m
Started GET "/" for ::1 at 2020-11-16 08:13:31 -0800
  [1m[35m (1.2ms)[0m  [1m[34mSELECT "schema_migrations"."version" FROM "schema_migrations" ORDER BY "schema_migrations"."version" ASC[0m
Processing by Rails::WelcomeController#index as HTML
  Rendering /Users/jesserouse/.rbenv/versions/2.7.1/lib/ruby/gems/2.7.0/gems/railties-6.0.3.4/lib/rails/templates/rails/welcome/index.html.erb
  Rendered /Users/jesserouse/.rbenv/versions/2.7.1/lib/ruby/gems/2.7.0/gems/railties-6.0.3.4/lib/rails/templates/rails/welcome/index.html.erb (Duration: 32.4ms | Allocations: 409)
Completed 200 OK in 111ms (Views: 68.3ms | ActiveRecord: 0.0ms | Allocations: 2255)


Started GET "/songs" for ::1 at 2020-11-16 08:13:37 -0800
Processing by SongsController#index as HTML
  [1m[36mSong Load (1.7ms)[0m  [1m[34mSELECT "songs".* FROM "songs"[0m
  ↳ app/controllers/songs_controller.rb:8:in `index'
Completed 200 OK in 341ms (Views: 197.7ms | ActiveRecord: 10.5ms | Allocations: 5928)


